<?xml version="1.0" encoding="UTF-8"?>
<testsuite xmlns:xsi="http://www.w3.org/2001/XMLSchema-instance" xsi:noNamespaceSchemaLocation="https://maven.apache.org/surefire/maven-surefire-plugin/xsd/surefire-test-report-3.0.xsd" version="3.0" name="at.fhj.msd.LiquidTest" time="0.039" tests="6" errors="0" skipped="0" failures="0">
  <properties>
[...]
</properties>
  <testcase name="testGetAlcoholPerc" classname="at.fhj.msd.LiquidTest" time="0.002"/>
  <testcase name="testGetName" classname="at.fhj.msd.LiquidTest" time="0.002"/>
  <testcase name="testSetAlcoholPerc" classname="at.fhj.msd.LiquidTest" time="0.001"/>
  <testcase name="testSetVolume" classname="at.fhj.msd.LiquidTest" time="0.004"/>
  <testcase name="testGetVolume" classname="at.fhj.msd.LiquidTest" time="0.003"/>
  <testcase name="testSetName" classname="at.fhj.msd.LiquidTest" time="0.005"/>
</testsuite>